[    4691ms] [LOG] fetching manageEventNotificationBell... Sat May 02 2026 10:29:22 GMT+0530 (India Standard Time) @ https://www.nseindia.com/dist/js/static/public/assets/js/common.js?v=08042026:6070
[    4800ms] Cannot read properties of undefined (reading 'undefined')
[    5441ms] [LOG] Nifty header Websocket is connected... @ https://www.nseindia.com/dist/js/realtime/header-nifty.js:115
[    5912ms] [ERROR] Creating a worker from 'blob:https://www.nseindia.com/c41ea210-5fbb-4e33-90e4-60a0595ae0d6' violates the following Content Security Policy directive: "script-src 'self' 'self' 'unsafe-inline' 'unsafe-eval' https://*.youtube.com https://*.gstatic.com https://www.google.com/ https://*.googletagmanager.com https://*.highcharts.com https://*.go-mpulse.net https://*.doubleclick.net https://www.google-analytics.com https://*.g.doubleclick.net/ https://analytics.google.com/ https://*.nse.co.in https://*.nseindia.com https://unpkg.com https://*.nseroot.com". Note that 'worker-src' was not explicitly set, so 'script-src' is used as a fallback. The action has been blocked. @ https://www.nseindia.com/u9OnkK6aMo8_fBqq3zwPWgXl/SOJ5NSSG6pzSS29Jut/RXBNdDwu/EF4iNiN/GUlYB:0
[    7057ms] [LOG] Nifty Header WebSocket connection closed. @ https://www.nseindia.com/dist/js/realtime/header-nifty.js:14
[   11300ms] [WARNING] The resource https://www.nseindia.com/assets/css/slick.css was preloaded using link preload in Early Hints but not used within a few seconds from the window's load event. @ https://www.nseindia.com/market-data/live-equity-market?symbol=NIFTY+250:0
[   11300ms] [WARNING] The resource https://www.nseindia.com/assets/js/nse-min.js was preloaded using link preload in Early Hints but not used within a few seconds from the window's load event. @ https://www.nseindia.com/market-data/live-equity-market?symbol=NIFTY+250:0
[   11300ms] [WARNING] The resource https://www.nseindia.com/assets/css/style.css was preloaded using link preload in Early Hints but not used within a few seconds from the window's load event. @ https://www.nseindia.com/market-data/live-equity-market?symbol=NIFTY+250:0
[   11300ms] [WARNING] The resource https://www.nseindia.com/assets/css/all.min.css was preloaded using link preload in Early Hints but not used within a few seconds from the window's load event. @ https://www.nseindia.com/market-data/live-equity-market?symbol=NIFTY+250:0
[   11300ms] [WARNING] The resource https://www.nseindia.com/dist/js/blinkui/src/blinkui.js was preloaded using link preload in Early Hints but not used within a few seconds from the window's load event. @ https://www.nseindia.com/market-data/live-equity-market?symbol=NIFTY+250:0
[   11300ms] [WARNING] The resource https://www.nseindia.com/assets/js/jquery-3.6.0.min.js was preloaded using link preload in Early Hints but not used within a few seconds from the window's load event. @ https://www.nseindia.com/market-data/live-equity-market?symbol=NIFTY+250:0
[   11300ms] [WARNING] The resource https://www.nseindia.com/assets/css/bootstrap.min.css was preloaded using link preload in Early Hints but not used within a few seconds from the window's load event. @ https://www.nseindia.com/market-data/live-equity-market?symbol=NIFTY+250:0
[   64755ms] [WARNING] Possible Unhandled Promise Rejection: TypeError: Cannot read properties of null (reading 'trim')
    at https://www.nseindia.com/dist/js/static/public/assets/js/common.js?v=08042026:3246:139
    at https://www.nseindia.com/dist/js/blinkui/src/blinkui.js?v=08042026:53:23 @ https://www.nseindia.com/dist/js/blinkui/src/blinkui.js?v=08042026:276
[  227193ms] [ERROR] Access to fetch at 'https://nsearchives.nseindia.com/content/indices/ind_niftyLargeMidcap250list.csv' from origin 'https://www.nseindia.com' has been blocked by CORS policy: No 'Access-Control-Allow-Origin' header is present on the requested resource. @ https://www.nseindia.com/market-data/live-equity-market?symbol=NIFTY+250:0
[  227194ms] [ERROR] Failed to load resource: net::ERR_FAILED @ https://nsearchives.nseindia.com/content/indices/ind_niftyLargeMidcap250list.csv:0
[  227257ms] [ERROR] Access to fetch at 'https://nsearchives.nseindia.com/content/indices/ind_niftylargemidcap250list.csv' from origin 'https://www.nseindia.com' has been blocked by CORS policy: No 'Access-Control-Allow-Origin' header is present on the requested resource. @ https://www.nseindia.com/market-data/live-equity-market?symbol=NIFTY+250:0
[  227257ms] [ERROR] Failed to load resource: net::ERR_FAILED @ https://nsearchives.nseindia.com/content/indices/ind_niftylargemidcap250list.csv:0
[  227262ms] [ERROR] Access to fetch at 'https://nsearchives.nseindia.com/content/indices/ind_nifty250list.csv' from origin 'https://www.nseindia.com' has been blocked by CORS policy: No 'Access-Control-Allow-Origin' header is present on the requested resource. @ https://www.nseindia.com/market-data/live-equity-market?symbol=NIFTY+250:0
[  227262ms] [ERROR] Failed to load resource: net::ERR_FAILED @ https://nsearchives.nseindia.com/content/indices/ind_nifty250list.csv:0
[  227454ms] [ERROR] Access to fetch at 'https://archives.nseindia.com/content/indices/ind_niftylargemidcap250list.csv' from origin 'https://www.nseindia.com' has been blocked by CORS policy: No 'Access-Control-Allow-Origin' header is present on the requested resource. @ https://www.nseindia.com/market-data/live-equity-market?symbol=NIFTY+250:0
[  227455ms] [ERROR] Failed to load resource: net::ERR_FAILED @ https://archives.nseindia.com/content/indices/ind_niftylargemidcap250list.csv:0
[  304721ms] initQuoteStream is not defined
[ 1764578ms] initQuoteStream is not defined
[ 1766872ms] initQuoteStream is not defined
[ 1766907ms] initQuoteStream is not defined
[ 1816478ms] initQuoteStream is not defined
[ 1816494ms] initQuoteStream is not defined
[ 1816496ms] streamHeatMapIndex is not defined
[ 2551467ms] initQuoteStream is not defined
[ 2551479ms] initQuoteStream is not defined
[ 2582745ms] initQuoteStream is not defined
[ 2582978ms] initQuoteStream is not defined
[ 2608035ms] initQuoteStream is not defined
[ 2616105ms] initQuoteStream is not defined
[ 2624386ms] initQuoteStream is not defined
[ 2639140ms] initQuoteStream is not defined
[ 2639806ms] initQuoteStream is not defined
[ 2675700ms] initQuoteStream is not defined
[ 2748754ms] initQuoteStream is not defined
[ 2755432ms] initQuoteStream is not defined
[ 2880962ms] initQuoteStream is not defined
[ 2881482ms] initQuoteStream is not defined
[ 2905881ms] initQuoteStream is not defined
[ 2906373ms] initQuoteStream is not defined
[ 2906391ms] initQuoteStream is not defined
[ 2906528ms] initQuoteStream is not defined
[ 2906529ms] streamHeatMapIndex is not defined
[ 3330654ms] initQuoteStream is not defined
[ 3330677ms] initQuoteStream is not defined
[ 3330677ms] streamHeatMapIndex is not defined
[ 3889069ms] initQuoteStream is not defined
[ 3889408ms] initQuoteStream is not defined
[ 3889437ms] initQuoteStream is not defined
[ 3889989ms] initQuoteStream is not defined
[ 3889989ms] streamHeatMapIndex is not defined
